<?xml version="1.0" encoding="UTF-8"?>
<persistence version="2.0"
   xmlns="http://java.sun.com/xml/ns/persistence" xmlns:xsi="http://www.w3.org/2001/XMLSchema-instance"
   xsi:schemaLocation="
        http://java.sun.com/xml/ns/persistence
        http://java.sun.com/xml/ns/persistence/persistence_2_0.xsd">
   <persistence-unit name="primary" transaction-type="JTA">
      <!-- We use default datasource provided by the app-server automatically. No need for any configuration -->
      <jta-data-source>java:/collectorapp/datasources/MainDS</jta-data-source>
      <properties>
         <!-- Properties for Hibernate (when running from WildFly) -->
         <property name="hibernate.hbm2ddl.auto" value="create" /> <!-- validate/update/create/create-drop/none -->
         <property name="hibernate.show_sql" value="true" />

         <!-- Properties for EclipseLink (when running from Glassfish) -->
         <property name="eclipselink.ddl-generation" value="drop-and-create-tables"/>
      </properties>
   </persistence-unit>
</persistence>
